TN:
SF:src/App.tsx
FN:7,App
FN:10,(anonymous_1)
FNF:2
FNH:0
FNDA:0,App
FNDA:0,(anonymous_1)
DA:8,0
DA:10,0
DA:11,0
DA:14,0
LF:4
LH:0
BRF:0
BRH:0
end_of_record
TN:
SF:src/index.tsx
FN:16,index
FNF:1
FNH:0
FNDA:0,index
DA:12,0
DA:17,0
LF:2
LH:0
BRF:0
BRH:0
end_of_record
TN:
SF:src/routes.tsx
FN:11,Routes
FN:15,getStorage
FN:26,(anonymous_2)
FNF:3
FNH:0
FNDA:0,Routes
FNDA:0,getStorage
FNDA:0,(anonymous_2)
DA:12,0
DA:13,0
DA:16,0
DA:18,0
DA:20,0
DA:22,0
DA:23,0
DA:26,0
DA:27,0
DA:30,0
LF:10
LH:0
BRDA:32,0,0,0
BRDA:32,0,1,0
BRF:2
BRH:0
end_of_record
TN:
SF:src/Router/ApplicationPages/index.tsx
FN:15,ApplicationPages
FN:45,(anonymous_1)
FNF:2
FNH:0
FNDA:0,ApplicationPages
FNDA:0,(anonymous_1)
DA:10,0
DA:16,0
DA:46,0
LF:3
LH:0
BRDA:22,0,0,0
BRDA:22,0,1,0
BRF:2
BRH:0
end_of_record
TN:
SF:src/components/Button/index.tsx
FN:12,Button
FNF:1
FNH:1
FNDA:1,Button
DA:13,1
LF:1
LH:1
BRDA:15,0,0,0
BRDA:15,0,1,1
BRF:2
BRH:1
end_of_record
TN:
SF:src/components/CityLocation/index.tsx
FN:16,CityLocation
FN:22,getCity
FN:35,(anonymous_2)
FN:43,getLocation
FN:47,(anonymous_4)
FN:52,(anonymous_5)
FN:60,(anonymous_6)
FNF:7
FNH:0
FNDA:0,CityLocation
FNDA:0,getCity
FNDA:0,(anonymous_2)
FNDA:0,getLocation
FNDA:0,(anonymous_4)
FNDA:0,(anonymous_5)
FNDA:0,(anonymous_6)
DA:9,0
DA:17,0
DA:19,0
DA:20,0
DA:23,0
DA:25,0
DA:26,0
DA:28,0
DA:29,0
DA:30,0
DA:31,0
DA:33,0
DA:34,0
DA:35,0
DA:40,0
DA:44,0
DA:46,0
DA:48,0
DA:50,0
DA:53,0
DA:54,0
DA:60,0
DA:61,0
DA:62,0
DA:63,0
DA:65,0
DA:70,0
LF:27
LH:0
BRDA:25,0,0,0
BRDA:25,0,1,0
BRDA:29,1,0,0
BRDA:29,1,1,0
BRDA:33,2,0,0
BRDA:33,2,1,0
BRDA:61,3,0,0
BRDA:61,3,1,0
BRDA:62,4,0,0
BRDA:62,4,1,0
BRDA:72,5,0,0
BRDA:72,5,1,0
BRF:12
BRH:0
end_of_record
TN:
SF:src/components/ConnectionInfo/index.tsx
FN:13,ConnectionInfo
FN:14,(anonymous_1)
FN:15,(anonymous_2)
FNF:3
FNH:0
FNDA:0,ConnectionInfo
FNDA:0,(anonymous_1)
FNDA:0,(anonymous_2)
DA:14,0
DA:15,0
DA:16,0
DA:17,0
DA:19,0
DA:24,0
LF:6
LH:0
BRDA:16,0,0,0
BRDA:16,0,1,0
BRF:2
BRH:0
end_of_record
TN:
SF:src/components/DateNow/index.tsx
FN:5,DateNow
FNF:1
FNH:1
FNDA:1,DateNow
DA:6,1
LF:1
LH:1
BRF:0
BRH:0
end_of_record
TN:
SF:src/components/ForecastComponents/ButtonPlus/index.tsx
FN:9,ButtonPlus
FNF:1
FNH:1
FNDA:1,ButtonPlus
DA:10,1
LF:1
LH:1
BRF:0
BRH:0
end_of_record
TN:
SF:src/components/ForecastComponents/ButtonRefresh/index.tsx
FN:10,ButtonRefresh
FN:13,handleRefresh
FN:17,(anonymous_2)
FNF:3
FNH:3
FNDA:1,ButtonRefresh
FNDA:1,handleRefresh
FNDA:1,(anonymous_2)
DA:11,1
DA:14,1
DA:17,1
DA:18,1
DA:19,1
DA:23,1
LF:6
LH:6
BRDA:18,0,0,1
BRDA:18,0,1,0
BRF:2
BRH:1
end_of_record
TN:
SF:src/components/ForecastComponents/ForecastCity/index.tsx
FN:47,ForecastCity
FN:50,(anonymous_1)
FN:55,handleRemoveCity
FN:59,(anonymous_3)
FN:64,(anonymous_4)
FN:71,getForecastCity
FN:75,(anonymous_6)
FN:85,(anonymous_7)
FN:96,(anonymous_8)
FN:115,(anonymous_9)
FN:119,(anonymous_10)
FN:122,(anonymous_11)
FNF:12
FNH:0
FNDA:0,ForecastCity
FNDA:0,(anonymous_1)
FNDA:0,handleRemoveCity
FNDA:0,(anonymous_3)
FNDA:0,(anonymous_4)
FNDA:0,getForecastCity
FNDA:0,(anonymous_6)
FNDA:0,(anonymous_7)
FNDA:0,(anonymous_8)
FNDA:0,(anonymous_9)
FNDA:0,(anonymous_10)
FNDA:0,(anonymous_11)
DA:48,0
DA:49,0
DA:50,0
DA:52,0
DA:53,0
DA:56,0
DA:65,0
DA:72,0
DA:73,0
DA:74,0
DA:75,0
DA:76,0
DA:80,0
DA:85,0
DA:87,0
DA:90,0
DA:92,0
DA:96,0
DA:97,0
DA:98,0
DA:100,0
DA:104,0
DA:116,0
DA:120,0
DA:123,0
LF:25
LH:0
BRDA:97,0,0,0
BRDA:97,0,1,0
BRDA:106,1,0,0
BRDA:106,1,1,0
BRDA:110,2,0,0
BRDA:110,2,1,0
BRF:6
BRH:0
end_of_record
TN:
SF:src/components/ForecastComponents/ForecastInformations/index.tsx
FN:18,ForecastInformations
FNF:1
FNH:1
FNDA:1,ForecastInformations
DA:19,1
LF:1
LH:1
BRDA:21,0,0,1
BRDA:21,0,1,1
BRF:2
BRH:2
end_of_record
TN:
SF:src/components/ForecastComponents/PanelInformations/index.tsx
FN:32,PanelInformations
FN:36,convertHour
FN:45,(anonymous_2)
FN:47,(anonymous_3)
FN:53,(anonymous_4)
FN:70,(anonymous_5)
FN:71,(anonymous_6)
FNF:7
FNH:5
FNDA:2,PanelInformations
FNDA:1,convertHour
FNDA:49,(anonymous_2)
FNDA:49,(anonymous_3)
FNDA:1,(anonymous_4)
FNDA:0,(anonymous_5)
FNDA:0,(anonymous_6)
DA:33,2
DA:34,2
DA:37,1
DA:38,1
DA:40,1
DA:45,1
DA:46,49
DA:47,49
DA:50,1
DA:53,2
DA:54,1
DA:55,1
DA:59,2
DA:70,0
DA:72,0
LF:15
LH:13
BRDA:54,0,0,1
BRDA:54,0,1,0
BRDA:65,1,0,2
BRDA:65,1,1,2
BRDA:80,2,0,0
BRDA:80,2,1,0
BRF:6
BRH:3
end_of_record
TN:
SF:src/components/HomeComponents/Header/index.tsx
FN:12,Header
FNF:1
FNH:0
FNDA:0,Header
DA:13,0
LF:1
LH:0
BRF:0
BRH:0
end_of_record
TN:
SF:src/components/HomeComponents/WeatherForecast/index.tsx
FN:37,WeatherForecast
FN:50,(anonymous_1)
FN:52,getForecastWeatherOffline
FN:66,getForecastWeather
FN:91,(anonymous_4)
FNF:5
FNH:0
FNDA:0,WeatherForecast
FNDA:0,(anonymous_1)
FNDA:0,getForecastWeatherOffline
FNDA:0,getForecastWeather
FNDA:0,(anonymous_4)
DA:42,0
DA:43,0
DA:45,0
DA:46,0
DA:47,0
DA:48,0
DA:49,0
DA:50,0
DA:53,0
DA:55,0
DA:58,0
DA:60,0
DA:61,0
DA:62,0
DA:63,0
DA:67,0
DA:68,0
DA:69,0
DA:72,0
DA:75,0
DA:78,0
DA:79,0
DA:80,0
DA:82,0
DA:84,0
DA:86,0
DA:87,0
DA:91,0
DA:92,0
DA:93,0
DA:94,0
DA:96,0
DA:101,0
LF:33
LH:0
BRDA:92,0,0,0
BRDA:92,0,1,0
BRDA:92,1,0,0
BRDA:92,1,1,0
BRDA:93,2,0,0
BRDA:93,2,1,0
BRDA:103,3,0,0
BRDA:103,3,1,0
BRDA:112,4,0,0
BRDA:112,4,1,0
BRDA:118,5,0,0
BRDA:118,5,1,0
BRF:12
BRH:0
end_of_record
TN:
SF:src/components/Line/index.tsx
FN:10,Line
FNF:1
FNH:1
FNDA:1,Line
DA:11,1
LF:1
LH:1
BRF:0
BRH:0
end_of_record
TN:
SF:src/components/LoadingComponents/LoadingCity/index.tsx
FN:8,LoadingCity
FNF:1
FNH:0
FNDA:0,LoadingCity
DA:6,0
DA:9,0
LF:2
LH:0
BRF:0
BRH:0
end_of_record
TN:
SF:src/components/LoadingComponents/LoadingImage/index.tsx
FN:9,LoadingImage
FNF:1
FNH:0
FNDA:0,LoadingImage
DA:7,0
DA:10,0
LF:2
LH:0
BRF:0
BRH:0
end_of_record
TN:
SF:src/components/LoadingComponents/LoadingPanel/index.tsx
FN:9,LoadingPanel
FNF:1
FNH:0
FNDA:0,LoadingPanel
DA:7,0
DA:10,0
LF:2
LH:0
BRF:0
BRH:0
end_of_record
TN:
SF:src/components/LoadingComponents/LoadingSearchLocation/index.tsx
FN:9,LoadingSearchLocation
FNF:1
FNH:0
FNDA:0,LoadingSearchLocation
DA:7,0
DA:10,0
LF:2
LH:0
BRF:0
BRH:0
end_of_record
TN:
SF:src/components/LoadingComponents/LoadingWeatherInformations/index.tsx
FN:9,LoadingWeatherInformations
FNF:1
FNH:0
FNDA:0,LoadingWeatherInformations
DA:7,0
DA:10,0
LF:2
LH:0
BRF:0
BRH:0
end_of_record
TN:
SF:src/components/SearchPlaces/index.tsx
FN:10,SearchPlaces
FN:23,(anonymous_1)
FN:26,(anonymous_2)
FNF:3
FNH:0
FNDA:0,SearchPlaces
FNDA:0,(anonymous_1)
FNDA:0,(anonymous_2)
DA:11,0
DA:13,0
DA:24,0
DA:27,0
LF:4
LH:0
BRF:0
BRH:0
end_of_record
TN:
SF:src/contexts/ConnectionInfoContext.tsx
FNF:0
FNH:0
DA:3,1
LF:1
LH:1
BRF:0
BRH:0
end_of_record
TN:
SF:src/pages/Home/index.tsx
FN:21,Home
FN:25,navigationNewLocation
FN:31,(anonymous_2)
FNF:3
FNH:0
FNDA:0,Home
FNDA:0,navigationNewLocation
FNDA:0,(anonymous_2)
DA:22,0
DA:23,0
DA:26,0
DA:29,0
DA:31,0
DA:32,0
DA:33,0
DA:34,0
DA:35,0
DA:40,0
LF:10
LH:0
BRDA:32,0,0,0
BRDA:32,0,1,0
BRDA:33,1,0,0
BRDA:33,1,1,0
BRF:4
BRH:0
end_of_record
TN:
SF:src/pages/NewLocation/index.tsx
FN:14,NewLocation
FN:17,saveCityOffline
FN:21,handleLocationSelected
FNF:3
FNH:0
FNDA:0,NewLocation
FNDA:0,saveCityOffline
FNDA:0,handleLocationSelected
DA:15,0
DA:18,0
DA:24,0
DA:26,0
DA:30,0
DA:33,0
LF:6
LH:0
BRF:0
BRH:0
end_of_record
TN:
SF:src/pages/Welcome/index.tsx
FN:18,Welcome
FN:19,handleNavigation
FNF:2
FNH:0
FNDA:0,Welcome
FNDA:0,handleNavigation
DA:20,0
DA:22,0
DA:25,0
LF:3
LH:0
BRF:0
BRH:0
end_of_record
TN:
SF:src/styles/background/index.tsx
FNF:0
FNH:0
DA:5,0
LF:1
LH:0
BRF:0
BRH:0
end_of_record
